Build started 4/2/2018 4:56:28 PM.
     1>Project "c:\Users\neusoft\documents\visual studio 2010\Projects\zdddll\simpledll\simpledll.vcxproj" on node 2 (build target(s)).
     1>PrepareForBuild:
         Creating directory "c:\users\neusoft\documents\visual studio 2010\Projects\zdddll\Debug\".
       InitializeBuildStatus:
         Creating "Debug\simpledll.unsuccessfulbuild" because "AlwaysCreate" was specified.
       ClCompile:
         C:\Program Files (x86)\Microsoft Visual Studio 10.0\VC\bin\CL.exe /c /ZI /nologo /W3 /WX- /Od /Oy- /D WIN32 /D _DEBUG /D _WINDOWS /D _USRDLL /D SIMPLEDLL_EXPORTS /D _WINDLL /D _UNICODE /D UNICODE /Gm /EHsc /RTC1 /MDd /GS /fp:precise /Zc:wchar_t /Zc:forScope /Fo"Debug\\" /Fd"Debug\vc100.pdb" /Gd /TP /analyze- /errorReport:prompt simpledll.cpp
         simpledll.cpp
     1>c:\users\neusoft\documents\visual studio 2010\projects\zdddll\simpledll\simpledll.cpp : warning C4819: The file contains a character that cannot be represented in the current code page (932). Save the file in Unicode format to prevent data loss
     1>c:\users\neusoft\documents\visual studio 2010\projects\zdddll\simpledll\simpledll.h : warning C4819: The file contains a character that cannot be represented in the current code page (932). Save the file in Unicode format to prevent data loss
       ManifestResourceCompile:
         C:\Program Files (x86)\Microsoft SDKs\Windows\v7.0A\bin\rc.exe /nologo /fo"Debug\simpledll.dll.embed.manifest.res" Debug\simpledll_manifest.rc 
       Link:
         C:\Program Files (x86)\Microsoft Visual Studio 10.0\VC\bin\link.exe /ERRORREPORT:PROMPT /OUT:"c:\users\neusoft\documents\visual studio 2010\Projects\zdddll\Debug\simpledll.dll" /INCREMENTAL /NOLOGO kernel32.lib user32.lib gdi32.lib winspool.lib comdlg32.lib advapi32.lib shell32.lib ole32.lib oleaut32.lib uuid.lib odbc32.lib odbccp32.lib /MANIFEST /ManifestFile:"Debug\simpledll.dll.intermediate.manifest" /MANIFESTUAC:"level='asInvoker' uiAccess='false'" /DEBUG /PDB:"c:\users\neusoft\documents\visual studio 2010\Projects\zdddll\Debug\simpledll.pdb" /SUBSYSTEM:WINDOWS /TLBID:1 /DYNAMICBASE /NXCOMPAT /IMPLIB:"c:\users\neusoft\documents\visual studio 2010\Projects\zdddll\Debug\simpledll.lib" /MACHINE:X86 /DLL Debug\simpledll.dll.embed.manifest.res
         Debug\simpledll.obj
            Creating library c:\users\neusoft\documents\visual studio 2010\Projects\zdddll\Debug\simpledll.lib and object c:\users\neusoft\documents\visual studio 2010\Projects\zdddll\Debug\simpledll.exp
       Manifest:
         C:\Program Files (x86)\Microsoft SDKs\Windows\v7.0A\bin\mt.exe /nologo /verbose /out:"Debug\simpledll.dll.embed.manifest" /manifest Debug\simpledll.dll.intermediate.manifest
         C:\Program Files (x86)\Microsoft SDKs\Windows\v7.0A\bin\rc.exe /nologo /fo"Debug\simpledll.dll.embed.manifest.res" Debug\simpledll_manifest.rc 
       LinkEmbedManifest:
         C:\Program Files (x86)\Microsoft Visual Studio 10.0\VC\bin\link.exe /ERRORREPORT:PROMPT /OUT:"c:\users\neusoft\documents\visual studio 2010\Projects\zdddll\Debug\simpledll.dll" /INCREMENTAL /NOLOGO kernel32.lib user32.lib gdi32.lib winspool.lib comdlg32.lib advapi32.lib shell32.lib ole32.lib oleaut32.lib uuid.lib odbc32.lib odbccp32.lib /MANIFEST /ManifestFile:"Debug\simpledll.dll.intermediate.manifest" /MANIFESTUAC:"level='asInvoker' uiAccess='false'" /DEBUG /PDB:"c:\users\neusoft\documents\visual studio 2010\Projects\zdddll\Debug\simpledll.pdb" /SUBSYSTEM:WINDOWS /TLBID:1 /DYNAMICBASE /NXCOMPAT /IMPLIB:"c:\users\neusoft\documents\visual studio 2010\Projects\zdddll\Debug\simpledll.lib" /MACHINE:X86 /DLL Debug\simpledll.dll.embed.manifest.res
         Debug\simpledll.obj
            Creating library c:\users\neusoft\documents\visual studio 2010\Projects\zdddll\Debug\simpledll.lib and object c:\users\neusoft\documents\visual studio 2010\Projects\zdddll\Debug\simpledll.exp
         simpledll.vcxproj -> c:\users\neusoft\documents\visual studio 2010\Projects\zdddll\Debug\simpledll.dll
       FinalizeBuildStatus:
         Deleting file "Debug\simpledll.unsuccessfulbuild".
         Touching "Debug\simpledll.lastbuildstate".
     1>Done Building Project "c:\Users\neusoft\documents\visual studio 2010\Projects\zdddll\simpledll\simpledll.vcxproj" (build target(s)).

Build succeeded.

Time Elapsed 00:00:00.66
