C:\USERS\NEUSOFT\DOCUMENTS\VISUAL STUDIO 2010\PROJECTS\ZDDDLL\DEBUG\USESIMPLEDLL.EXE
C:\USERS\NEUSOFT\DOCUMENTS\VISUAL STUDIO 2010\PROJECTS\ZDDDLL\DEBUG\USESIMPLEDLL.ILK
C:\USERS\NEUSOFT\DOCUMENTS\VISUAL STUDIO 2010\PROJECTS\ZDDDLL\DEBUG\USESIMPLEDLL.PDB
c:\Users\neusoft\documents\visual studio 2010\Projects\zdddll\usesimpledll\Debug\cl.command.1.tlog
c:\Users\neusoft\documents\visual studio 2010\Projects\zdddll\usesimpledll\Debug\CL.read.1.tlog
c:\Users\neusoft\documents\visual studio 2010\Projects\zdddll\usesimpledll\Debug\CL.write.1.tlog
c:\Users\neusoft\documents\visual studio 2010\Projects\zdddll\usesimpledll\Debug\link.7032.read.1.tlog
c:\Users\neusoft\documents\visual studio 2010\Projects\zdddll\usesimpledll\Debug\link.7032.write.1.tlog
c:\Users\neusoft\documents\visual studio 2010\Projects\zdddll\usesimpledll\Debug\link.7032-cvtres.read.1.tlog
c:\Users\neusoft\documents\visual studio 2010\Projects\zdddll\usesimpledll\Debug\link.7032-cvtres.write.1.tlog
c:\Users\neusoft\documents\visual studio 2010\Projects\zdddll\usesimpledll\Debug\link.command.1.tlog
c:\Users\neusoft\documents\visual studio 2010\Projects\zdddll\usesimpledll\Debug\link.read.1.tlog
c:\Users\neusoft\documents\visual studio 2010\Projects\zdddll\usesimpledll\Debug\link.write.1.tlog
c:\Users\neusoft\documents\visual studio 2010\Projects\zdddll\usesimpledll\Debug\link-cvtres.read.1.tlog
c:\Users\neusoft\documents\visual studio 2010\Projects\zdddll\usesimpledll\Debug\link-cvtres.write.1.tlog
C:\USERS\NEUSOFT\DOCUMENTS\VISUAL STUDIO 2010\PROJECTS\ZDDDLL\USESIMPLEDLL\DEBUG\MAIN.OBJ
c:\Users\neusoft\documents\visual studio 2010\Projects\zdddll\usesimpledll\Debug\mt.command.1.tlog
c:\Users\neusoft\documents\visual studio 2010\Projects\zdddll\usesimpledll\Debug\mt.read.1.tlog
c:\Users\neusoft\documents\visual studio 2010\Projects\zdddll\usesimpledll\Debug\mt.write.1.tlog
c:\Users\neusoft\documents\visual studio 2010\Projects\zdddll\usesimpledll\Debug\rc.command.1.tlog
c:\Users\neusoft\documents\visual studio 2010\Projects\zdddll\usesimpledll\Debug\rc.read.1.tlog
c:\Users\neusoft\documents\visual studio 2010\Projects\zdddll\usesimpledll\Debug\rc.write.1.tlog
C:\USERS\NEUSOFT\DOCUMENTS\VISUAL STUDIO 2010\PROJECTS\ZDDDLL\USESIMPLEDLL\DEBUG\USESIMPLEDLL.EXE.EMBED.MANIFEST
C:\USERS\NEUSOFT\DOCUMENTS\VISUAL STUDIO 2010\PROJECTS\ZDDDLL\USESIMPLEDLL\DEBUG\USESIMPLEDLL.EXE.EMBED.MANIFEST.RES
C:\USERS\NEUSOFT\DOCUMENTS\VISUAL STUDIO 2010\PROJECTS\ZDDDLL\USESIMPLEDLL\DEBUG\USESIMPLEDLL.EXE.INTERMEDIATE.MANIFEST
c:\Users\neusoft\documents\visual studio 2010\Projects\zdddll\usesimpledll\Debug\usesimpledll.write.1.tlog
c:\Users\neusoft\documents\visual studio 2010\Projects\zdddll\usesimpledll\Debug\usesimpledll_manifest.rc
c:\Users\neusoft\documents\visual studio 2010\Projects\zdddll\usesimpledll\Debug\vc100.idb
C:\USERS\NEUSOFT\DOCUMENTS\VISUAL STUDIO 2010\PROJECTS\ZDDDLL\USESIMPLEDLL\DEBUG\VC100.PDB
