Build started 4/2/2018 5:21:29 PM.
     1>Project "c:\Users\neusoft\documents\visual studio 2010\Projects\zdddll\usesimpledll\usesimpledll.vcxproj" on node 2 (build target(s)).
     1>InitializeBuildStatus:
         Creating "Debug\usesimpledll.unsuccessfulbuild" because "AlwaysCreate" was specified.
       ClCompile:
         C:\Program Files (x86)\Microsoft Visual Studio 10.0\VC\bin\CL.exe /c /I../Include /ZI /nologo /W3 /WX- /Od /Oy- /D WIN32 /D _DEBUG /D _CONSOLE /D _UNICODE /D UNICODE /Gm /EHsc /RTC1 /MDd /GS /fp:precise /Zc:wchar_t /Zc:forScope /Fo"Debug\\" /Fd"Debug\vc100.pdb" /Gd /TP /analyze- /errorReport:prompt main.cpp
         main.cpp
     1>c:\users\neusoft\documents\visual studio 2010\projects\zdddll\include\simpledll.h : warning C4819: The file contains a character that cannot be represented in the current code page (932). Save the file in Unicode format to prevent data loss
       ManifestResourceCompile:
         C:\Program Files (x86)\Microsoft SDKs\Windows\v7.0A\bin\rc.exe /nologo /fo"Debug\usesimpledll.exe.embed.manifest.res" Debug\usesimpledll_manifest.rc 
       Link:
         C:\Program Files (x86)\Microsoft Visual Studio 10.0\VC\bin\link.exe /ERRORREPORT:PROMPT /OUT:"c:\users\neusoft\documents\visual studio 2010\Projects\zdddll\Debug\usesimpledll.exe" /INCREMENTAL /NOLOGO ../lib/simpledll.lib kernel32.lib user32.lib gdi32.lib winspool.lib comdlg32.lib advapi32.lib shell32.lib ole32.lib oleaut32.lib uuid.lib odbc32.lib odbccp32.lib /MANIFEST /ManifestFile:"Debug\usesimpledll.exe.intermediate.manifest" /MANIFESTUAC:"level='asInvoker' uiAccess='false'" /DEBUG /PDB:"c:\users\neusoft\documents\visual studio 2010\Projects\zdddll\Debug\usesimpledll.pdb" /SUBSYSTEM:CONSOLE /TLBID:1 /DYNAMICBASE /NXCOMPAT /IMPLIB:"c:\users\neusoft\documents\visual studio 2010\Projects\zdddll\Debug\usesimpledll.lib" /MACHINE:X86 Debug\usesimpledll.exe.embed.manifest.res
         Debug\main.obj
       Manifest:
         C:\Program Files (x86)\Microsoft SDKs\Windows\v7.0A\bin\mt.exe /nologo /verbose /out:"Debug\usesimpledll.exe.embed.manifest" /manifest Debug\usesimpledll.exe.intermediate.manifest
         C:\Program Files (x86)\Microsoft SDKs\Windows\v7.0A\bin\rc.exe /nologo /fo"Debug\usesimpledll.exe.embed.manifest.res" Debug\usesimpledll_manifest.rc 
       LinkEmbedManifest:
         C:\Program Files (x86)\Microsoft Visual Studio 10.0\VC\bin\link.exe /ERRORREPORT:PROMPT /OUT:"c:\users\neusoft\documents\visual studio 2010\Projects\zdddll\Debug\usesimpledll.exe" /INCREMENTAL /NOLOGO ../lib/simpledll.lib kernel32.lib user32.lib gdi32.lib winspool.lib comdlg32.lib advapi32.lib shell32.lib ole32.lib oleaut32.lib uuid.lib odbc32.lib odbccp32.lib /MANIFEST /ManifestFile:"Debug\usesimpledll.exe.intermediate.manifest" /MANIFESTUAC:"level='asInvoker' uiAccess='false'" /DEBUG /PDB:"c:\users\neusoft\documents\visual studio 2010\Projects\zdddll\Debug\usesimpledll.pdb" /SUBSYSTEM:CONSOLE /TLBID:1 /DYNAMICBASE /NXCOMPAT /IMPLIB:"c:\users\neusoft\documents\visual studio 2010\Projects\zdddll\Debug\usesimpledll.lib" /MACHINE:X86 Debug\usesimpledll.exe.embed.manifest.res
         Debug\main.obj
         usesimpledll.vcxproj -> c:\users\neusoft\documents\visual studio 2010\Projects\zdddll\Debug\usesimpledll.exe
       FinalizeBuildStatus:
         Deleting file "Debug\usesimpledll.unsuccessfulbuild".
         Touching "Debug\usesimpledll.lastbuildstate".
     1>Done Building Project "c:\Users\neusoft\documents\visual studio 2010\Projects\zdddll\usesimpledll\usesimpledll.vcxproj" (build target(s)).

Build succeeded.

Time Elapsed 00:00:00.88
